Logged in as Emily Music Bot#0469!
Executing p, message.content=###;p 小蘋果###
this is a text
search found 29 songs from Cheerio Promise
adding song 筷子兄弟-小蘋果KTV版,https://www.youtube.com/watch?v=Hpnub-uM6eo,222
playSongAux starting(1,true)
playSongAux finished(1)
Playinging 0 %Playinging 0 %playing starts at 10:40:47 PM
Playinging 10 %Playinging 10 %Executing l, message.content=###;l###
query=
query=;p 小蘋果,inputText=小蘋果
ksoft returned 10 tracks
item.name=一顆蘋果
item.name=小苹果 Little Apple
item.name=如果你相信
item.name=如果你相信
item.name=如果有如果
item.name=渺小
item.name=惡果 (Karma)
item.name=小小 - 何曼婷
item.name=サイハテ
item.name=青い果実
item.lyrics=作詞：阿信　作曲：阿信　
編曲：五月天

經過了漫長的等候　夢想是夢想　我還是一個我
那時間忘記挽留　最美時候　不經意匆匆的放過

曾經想擁抱的彩虹　盛開的花朵　那純真的笑容
突然有風吹過　那一轉眼　只剩我

我不懂　人世間的那些愁　他為什麼要纏著我
到底這會是誰的錯　還是我不放手

喔　人世間的那些愁　這世界給我的誘惑
這是不是要告訴我　潮起終究潮落

總要有人來陪我　嚥下苦果
喔　再嚐一點美夢　要等你先開口　那冬天才會走

有些人經過我身旁　住在我腦中　在我心裡鑽洞
有些人變成相片　堆在角落　灰塵像雪一般冰凍
時間如果可以倒流　我想我還是
會卯起來蹉跎　反正就這樣吧

我知道我　努力過　我想到　遙遠遙遠的以後
會不會有人知道我　在這個寂寞的星球　曾這樣的活過

喔　遙遠遙遠的以後　天長和地久的盡頭
應該沒有人能搶走　我永遠的感動
總要有一首我的歌　大聲唱過

喔　再看天地遼闊　活著不多不少　幸福剛好夠用
活著其實很好　再吃一顆蘋果
item.lyrics=Refrain 1
我种下一颗种⼦
终于长出了果实
今天是个伟大日⼦
摘下星星送给你
拽下月亮送给你
让太阳每天为你升起
变成蜡烛燃烧自⼰只为照亮你
把我一切都献给你只要你欢喜
你让我每个明天都变得有意义
生命虽短爱你永远
不！离！不！弃！

Couplet 1
你是我的小呀小苹果
怎么爱你都不嫌多
红红的小脸⼉温暖我的⼼窝
点亮我生命的⽕
⽕火⽕火⽕

Couplet 2
你是我的小呀小苹果
就像天边最美的云朵 春天又来到了花开满山坡
种下希望就会收获 ~~~

Refrain 2
从不觉得你讨厌
你的一切都喜欢
有你的每天都新鲜
有你阳光更灿烂
有你黑夜不⿊暗
你是白云我是蓝天
春天和你漫步在盛开的花丛间
夏天夜晚陪你一起看星星眨眼
秋天黄昏与你徜徉在⾦⾊麦田
冬天雪花飞舞有你
更！加！温！暖！

Couplet 3
你是我的小呀小苹果
怎么爱你都不嫌多
红红的小脸儿温暖我的心窝
点亮我生命的⽕
⽕火⽕火⽕

Couplet 2 rép
你是我的小呀小苹果
就像天边最美的云朵
春天又来到了花开满山坡
种下希望就会收获 ~~~

Couplet 1 rép
你是我的小呀小苹果
怎么爱你都不嫌多
红红的小脸儿温暖我的心窝
点亮我生命的⽕
⽕火⽕火⽕

Couplet 2 rép
你是我的小呀小苹果
就像天边最美的云朵
春天又来到了花开满山坡
item.lyrics=抬起右手
抓住帽檐
往下戴
看不见你
会更爱你
抓不住你
会更想你
如果你相信
我会再回来
抬起右手
抓住帽檐
往下戴
白天有阳光
夜晚有灯光
可就是照不亮
魔鬼的心脏
如果你相信
我会再回来
item.lyrics=抬起右手
抓住帽檐
往下戴
看不见你
会更爱你
抓不住你
会更想你
如果你相信
我会再回来
抬起右手
抓住帽檐
往下戴
白天有阳光
夜晚有灯光
可就是照不亮
魔鬼的心脏
如果你相信
我会再回来
item.lyrics=曲：官錠AL, 阿福Afu
詞：王雅君, 阿福Afu

這世界 如果有如果
如果一切重頭 
如果你再 說你愛我
習慣了 熟悉的溫柔
turn around turn around turn around
怎麼還是 一個我

雨滴滴答答的墜落 
還有什麼 說不出口
淚不停不停的滑落 
習慣沒有你的角落

I want to sing a song for you
Sing for my soul
沒有你的天空 沒有雲朵
You are my everything and I 
Really love you
在淚乾了以後 想聽你說 愛我

想太多 如果有如果
如果永遠愛我 
如果最後 能到最後
一個人 該習慣什麼
turn around turn around turn around
習慣晚安 自己說

雨滴滴答答的墜落 
還有什麼 說不出口
淚不停不停的滑落
習慣沒有你的角落

I want to sing a song for you
Sing for my soul
沒有你的天空 沒有雲朵
You are my everything and I 
Really love you
在淚乾了以後 卻還記得

還記得青蘋的酸甜 
酸到心底沒有感覺
夢太美 回憶太心碎 
再多給我 一點點的勇氣

I want to sing a song for you
Sing for my soul
沒有你的天空 沒有雲朵
you are my everything and I 
Really love you
在淚乾了以後 想聽你說 Love U

這世界 如果有如果
如果一切重頭 如果你還在
請說你愛我
item.lyrics=不管你是醒著　或者你已經睡了
不管你現在活著　或者你已經死了
這個冬天依然不下雪　這個夏天依然令人疲倦
這個世界不會因為我們而改變
沒有你的日子很難過　微笑一下也許比較舒服
我們只是小人物　沒什麼特殊
未來對我們太遙遠　宇宙太大看不到邊界
生命太小太脆弱　太無法掌握
可是阿媽曾經這麼說　即使每個人都不好過
也要努力認真生活　生命不就是這樣子而已嗎

不管你是笑著　或者忍不住你也哭了
不管你現在活著　或者你也想離開了
item.lyrics=放下吧 你可笑的所有
不能回頭 你不能回頭
走到盡頭 是自食惡果
不能動 你沒有夢
站在黑暗中 伸出援手
如果不能緊握 你所擁有的都沒有救
別墬落
讓咎由自取的自我去為人生負責
睜開眼好好看你過的這些年
縮在角落無處可躲被唾棄的臉
是誰讓自己自甘墮落
是你讓自己沒回頭路走
忘了到底荒廢多少時間
還想爭什麼尊嚴
放下吧 你可笑的所有
不能回頭
你不能回頭
走到盡頭是自食惡果
不能動
你沒有夢
擊潰
懦弱 讓生活卑賤的苟延殘喘
過去的歲月讓你流著眼淚跪著想
時光是一條殘酷的河
誰都別躲
放下吧 你可笑的所有
不能回頭
你不能回頭
走到盡頭是自食惡果
不能動
你沒有夢
拒絕去聽
拒絕去看
你 拒絕成長
拒絕想像
將我靈魂全掏空
不能回頭
我不能回頭
肆意丟棄的軀殼
不能動
我沒有夢
不能回頭
你不能回頭
不能動
你沒有夢
擊潰
item.lyrics=* Yuèguòle shānpō, dǐngzhe tàiyáng de wǒ
xǐhuān hànshuǐ huàguò liǎnjiá nà yīkè
nǐ luò wǒ hěnduō, chěngqiáng shuō huì yíng wǒ
bùdé bù shuō nǐ zàicì yù cuò duìshǒu
kàn yún yī duǒ duǒ pīncòu chéng
wǒmen xiǎng yào de múyàng
nǐ guǐ xiàozhe duì wǒ shuō, yǒu zhǐ zhū xiàng wǒ

** nǐ yībiān tánqín, wǒ yībiān chànggē
shù shàng de niǎo er yě zài gēn wǒmen hé
xiǎo xiǎo de rén nà, zài dàdà de yínhé
yòng guāngsù liánjiē wǒmen de kuàilè
zhè wéixiào de lèishuǐ shì xìngfú de
nǐ měi yīcì tiáokǎn wǒ dū jìdé
dāng wǒ juēzhe zuǐ, nǐ duǒ dào wǒ yī cè

Repeat*
Repeat**
Repeat**
item.lyrics=むこうはどんな所なんだろうね？
無事に着いたら　便りでも欲しいよ

扉を開いて　彼方へと向かうあなたへ
この歌声と祈りが　届けばいいなぁ

雲ひとつないような　抜けるほど晴天の今日は
悲しいくらいに　お別れ日和で

ありふれた人生を　紅く色付ける様な
たおやかな恋でした　たおやかな恋でした
さよなら

またいつの日にか　出会えると信じられたら
これからの日々も　変わらずやり過ごせるね

扉が閉まれば　このまま離ればなれだ
あなたの煙は　雲となり雨になるよ

ありふれた人生を　紅く色付ける様な
たおやかな恋でした　たおやかな恋でした
さよなら
item.lyrics=辛い事をダシにして
自然にブレーキがかかる
ちょっと寄り道していこうかなんて
気まぐれな大人たちの
気まぐれな遊び方に
惑わされて進むのを忘れていた

誰かが足跡　気を抜いて付けてくるから
今ここで追いつかれたら
弾かれちゃいそうだ

パワーを絞り出せ　ハダカのままの欲望で
まだ甘くはない　青い果実でしょ
瞳を静かに閉じ　小さな種を握って
今走り出せば　届くはずこの思い

ずぶ濡れになったままで
アクセルを踏み込んで
あの頃の情熱をもみ消す
高鳴る鼓動暴れる
ガムシャラだったあの頃の
僕に僕がほらもう追いつかれる

後なんか見ずに　走り続けてきたけど
知らぬ間に甘い誘惑に流されていたんだ

パワーを絞り出せ　ハダカのままの欲望で
僕はちっぽけな　青い果実でしょ
勇気をねじり出せ　今の現実に
満足したら　届かないこの思い

今日からは今日からの
明日からは明日からの
真新しいストーリー　刻めばいいでしょ
Can you please give
some more power to me
Don't stop coz you've been
chacing around
風を抜き去って　届かせるこの思い

闘いから逃げてた　まじめさにさよならさ
まだ甘くはない　青い果実でしょ
瞳を静かに閉じ　小さな種を握って
今走り出せば　届くはずこの思い

Can you please give
some more power to me
淡く実らせたい　青い果実でしょ
Don't stop coz you've been
chacing around
風を抜き去って　届かせるこの思い!
Failed to find any lyrics
Executing dc, message.content=###;dc###
Song was not finished(557056,3646648)

playSongAux starting(0,false)
serverQ is null || songs length = 0
